Started by user admin
Building in workspace C:\Users\Vicprog\.jenkins\workspace\mantis_test
 > C:\Program Files\Git\bin\git.exe rev-parse --is-inside-work-tree # timeout=10
Fetching changes from the remote Git repository
 > C:\Program Files\Git\bin\git.exe config remote.origin.url https://github.com/VictorKazankov/Python_training_mantis # timeout=10
Fetching upstream changes from https://github.com/VictorKazankov/Python_training_mantis
 > C:\Program Files\Git\bin\git.exe --version # timeout=10
 > C:\Program Files\Git\bin\git.exe fetch --tags --progress https://github.com/VictorKazankov/Python_training_mantis +refs/heads/*:refs/remotes/origin/*
 > C:\Program Files\Git\bin\git.exe rev-parse "refs/remotes/origin/master^{commit}" # timeout=10
 > C:\Program Files\Git\bin\git.exe rev-parse "refs/remotes/origin/origin/master^{commit}" # timeout=10
Checking out Revision 02b85302079388e626a78e8289bfb979af3e7ed4 (refs/remotes/origin/master)
Commit message: "Добавил requirements.txt"
 > C:\Program Files\Git\bin\git.exe config core.sparsecheckout # timeout=10
 > C:\Program Files\Git\bin\git.exe checkout -f 02b85302079388e626a78e8289bfb979af3e7ed4
 > C:\Program Files\Git\bin\git.exe rev-list 02b85302079388e626a78e8289bfb979af3e7ed4 # timeout=10
[mantis_test] $ cmd.exe /c call C:\Users\Vicprog\AppData\Local\Temp\shiningpanda6191035283197034984.bat

C:\Users\Vicprog\.jenkins\workspace\mantis_test>pip install -r requirements.txt 
Requirement already satisfied: pytest in c:\users\vicprog\.jenkins\shiningpanda\jobs\d66de12f\virtualenvs\d41d8cd9\lib\site-packages (from -r requirements.txt (line 1))
Requirement already satisfied: selenium in c:\users\vicprog\.jenkins\shiningpanda\jobs\d66de12f\virtualenvs\d41d8cd9\lib\site-packages (from -r requirements.txt (line 2))
Requirement already satisfied: suds-jurko in c:\users\vicprog\.jenkins\shiningpanda\jobs\d66de12f\virtualenvs\d41d8cd9\lib\site-packages (from -r requirements.txt (line 3))
Requirement already satisfied: colorama; sys_platform == "win32" in c:\users\vicprog\.jenkins\shiningpanda\jobs\d66de12f\virtualenvs\d41d8cd9\lib\site-packages (from pytest->-r requirements.txt (line 1))
Requirement already satisfied: py>=1.4.33 in c:\users\vicprog\.jenkins\shiningpanda\jobs\d66de12f\virtualenvs\d41d8cd9\lib\site-packages (from pytest->-r requirements.txt (line 1))
Requirement already satisfied: setuptools in c:\users\vicprog\.jenkins\shiningpanda\jobs\d66de12f\virtualenvs\d41d8cd9\lib\site-packages (from pytest->-r requirements.txt (line 1))

C:\Users\Vicprog\.jenkins\workspace\mantis_test>py.test tests\test_add_project.py 
============================= test session starts =============================
platform win32 -- Python 3.6.1, pytest-3.2.0, py-1.4.34, pluggy-0.4.0
rootdir: C:\Users\Vicprog\.jenkins\workspace\mantis_test, inifile:
collected 1 item

tests\test_add_project.py EE

=================================== ERRORS ====================================
_____________ ERROR at setup of test_add_project[None;ExWzhYPh8] ______________

self = <selenium.webdriver.firefox.service.Service object at 0x03416E30>

    def start(self):
        """
            Starts the Service.
    
            :Exceptions:
             - WebDriverException : Raised either when it can't start the service
               or when it can't connect to the service
            """
        try:
            cmd = [self.path]
            cmd.extend(self.command_line_args())
            self.process = subprocess.Popen(cmd, env=self.env,
                                            close_fds=platform.system() != 'Windows',
>                                           stdout=self.log_file, stderr=self.log_file)

..\..\shiningpanda\jobs\d66de12f\virtualenvs\d41d8cd9\lib\site-packages\selenium\webdriver\common\service.py:74: 
_ _ _ _ _ _ _ _ _ _ _ _ _ _ _ _ _ _ _ _ _ _ _ _ _ _ _ _ _ _ _ _ _ _ _ _ _ _ _ _

self = <subprocess.Popen object at 0x03416F70>
args = ['geckodriver', '--port', '49247'], bufsize = -1, executable = None
stdin = None
stdout = <_io.TextIOWrapper name='geckodriver.log' mode='a+' encoding='cp1251'>
stderr = <_io.TextIOWrapper name='geckodriver.log' mode='a+' encoding='cp1251'>
preexec_fn = None, close_fds = False, shell = False, cwd = None
env = environ({'ALLUSERSPROFILE': 'C:\\ProgramData', 'APPDATA': 'C:\\Users\\Vicprog\\AppData\\Roaming', 'BUILD_DISPLAY_NAME'...workspace\\mantis_test', 'PYTEST_CURRENT_TEST': 'tests/test_add_project.py::test_add_project[None;ExWzhYPh8] (setup)'})
universal_newlines = False, startupinfo = None, creationflags = 0
restore_signals = True, start_new_session = False, pass_fds = ()

    def __init__(self, args, bufsize=-1, executable=None,
                 stdin=None, stdout=None, stderr=None,
                 preexec_fn=None, close_fds=_PLATFORM_DEFAULT_CLOSE_FDS,
                 shell=False, cwd=None, env=None, universal_newlines=False,
                 startupinfo=None, creationflags=0,
                 restore_signals=True, start_new_session=False,
                 pass_fds=(), *, encoding=None, errors=None):
        """Create new Popen instance."""
        _cleanup()
        # Held while anything is calling waitpid before returncode has been
        # updated to prevent clobbering returncode if wait() or poll() are
        # called from multiple threads at once.  After acquiring the lock,
        # code must re-check self.returncode to see if another thread just
        # finished a waitpid() call.
        self._waitpid_lock = threading.Lock()
    
        self._input = None
        self._communication_started = False
        if bufsize is None:
            bufsize = -1  # Restore default
        if not isinstance(bufsize, int):
            raise TypeError("bufsize must be an integer")
    
        if _mswindows:
            if preexec_fn is not None:
                raise ValueError("preexec_fn is not supported on Windows "
                                 "platforms")
            any_stdio_set = (stdin is not None or stdout is not None or
                             stderr is not None)
            if close_fds is _PLATFORM_DEFAULT_CLOSE_FDS:
                if any_stdio_set:
                    close_fds = False
                else:
                    close_fds = True
            elif close_fds and any_stdio_set:
                raise ValueError(
                        "close_fds is not supported on Windows platforms"
                        " if you redirect stdin/stdout/stderr")
        else:
            # POSIX
            if close_fds is _PLATFORM_DEFAULT_CLOSE_FDS:
                close_fds = True
            if pass_fds and not close_fds:
                warnings.warn("pass_fds overriding close_fds.", RuntimeWarning)
                close_fds = True
            if startupinfo is not None:
                raise ValueError("startupinfo is only supported on Windows "
                                 "platforms")
            if creationflags != 0:
                raise ValueError("creationflags is only supported on Windows "
                                 "platforms")
    
        self.args = args
        self.stdin = None
        self.stdout = None
        self.stderr = None
        self.pid = None
        self.returncode = None
        self.universal_newlines = universal_newlines
        self.encoding = encoding
        self.errors = errors
    
        # Input and output objects. The general principle is like
        # this:
        #
        # Parent                   Child
        # ------                   -----
        # p2cwrite   ---stdin--->  p2cread
        # c2pread    <--stdout---  c2pwrite
        # errread    <--stderr---  errwrite
        #
        # On POSIX, the child objects are file descriptors.  On
        # Windows, these are Windows file handles.  The parent objects
        # are file descriptors on both platforms.  The parent objects
        # are -1 when not using PIPEs. The child objects are -1
        # when not redirecting.
    
        (p2cread, p2cwrite,
         c2pread, c2pwrite,
         errread, errwrite) = self._get_handles(stdin, stdout, stderr)
    
        # We wrap OS handles *before* launching the child, otherwise a
        # quickly terminating child could make our fds unwrappable
        # (see #8458).
    
        if _mswindows:
            if p2cwrite != -1:
                p2cwrite = msvcrt.open_osfhandle(p2cwrite.Detach(), 0)
            if c2pread != -1:
                c2pread = msvcrt.open_osfhandle(c2pread.Detach(), 0)
            if errread != -1:
                errread = msvcrt.open_osfhandle(errread.Detach(), 0)
    
        text_mode = encoding or errors or universal_newlines
    
        self._closed_child_pipe_fds = False
    
        try:
            if p2cwrite != -1:
                self.stdin = io.open(p2cwrite, 'wb', bufsize)
                if text_mode:
                    self.stdin = io.TextIOWrapper(self.stdin, write_through=True,
                            line_buffering=(bufsize == 1),
                            encoding=encoding, errors=errors)
            if c2pread != -1:
                self.stdout = io.open(c2pread, 'rb', bufsize)
                if text_mode:
                    self.stdout = io.TextIOWrapper(self.stdout,
                            encoding=encoding, errors=errors)
            if errread != -1:
                self.stderr = io.open(errread, 'rb', bufsize)
                if text_mode:
                    self.stderr = io.TextIOWrapper(self.stderr,
                            encoding=encoding, errors=errors)
    
            self._execute_child(args, executable, preexec_fn, close_fds,
                                pass_fds, cwd, env,
                                startupinfo, creationflags, shell,
                                p2cread, p2cwrite,
                                c2pread, c2pwrite,
                                errread, errwrite,
>                               restore_signals, start_new_session)

C:\Python36\Lib\subprocess.py:707: 
_ _ _ _ _ _ _ _ _ _ _ _ _ _ _ _ _ _ _ _ _ _ _ _ _ _ _ _ _ _ _ _ _ _ _ _ _ _ _ _

self = <subprocess.Popen object at 0x03416F70>
args = 'geckodriver --port 49247', executable = None, preexec_fn = None
close_fds = False, pass_fds = (), cwd = None
env = environ({'ALLUSERSPROFILE': 'C:\\ProgramData', 'APPDATA': 'C:\\Users\\Vicprog\\AppData\\Roaming', 'BUILD_DISPLAY_NAME'...workspace\\mantis_test', 'PYTEST_CURRENT_TEST': 'tests/test_add_project.py::test_add_project[None;ExWzhYPh8] (setup)'})
startupinfo = <subprocess.STARTUPINFO object at 0x03416FB0>, creationflags = 0
shell = False, p2cread = Handle(372), p2cwrite = -1, c2pread = -1
c2pwrite = Handle(376), errread = -1, errwrite = Handle(384)
unused_restore_signals = True, unused_start_new_session = False

    def _execute_child(self, args, executable, preexec_fn, close_fds,
                       pass_fds, cwd, env,
                       startupinfo, creationflags, shell,
                       p2cread, p2cwrite,
                       c2pread, c2pwrite,
                       errread, errwrite,
                       unused_restore_signals, unused_start_new_session):
        """Execute program (MS Windows version)"""
    
        assert not pass_fds, "pass_fds not supported on Windows."
    
        if not isinstance(args, str):
            args = list2cmdline(args)
    
        # Process startup details
        if startupinfo is None:
            startupinfo = STARTUPINFO()
        if -1 not in (p2cread, c2pwrite, errwrite):
            startupinfo.dwFlags |= _winapi.STARTF_USESTDHANDLES
            startupinfo.hStdInput = p2cread
            startupinfo.hStdOutput = c2pwrite
            startupinfo.hStdError = errwrite
    
        if shell:
            startupinfo.dwFlags |= _winapi.STARTF_USESHOWWINDOW
            startupinfo.wShowWindow = _winapi.SW_HIDE
            comspec = os.environ.get("COMSPEC", "cmd.exe")
            args = '{} /c "{}"'.format (comspec, args)
    
        # Start the process
        try:
            hp, ht, pid, tid = _winapi.CreateProcess(executable, args,
                                     # no special security
                                     None, None,
                                     int(not close_fds),
                                     creationflags,
                                     env,
                                     cwd,
>                                    startupinfo)
E                                    FileNotFoundError: [WinError 2] Не удается найти указанный файл

C:\Python36\Lib\subprocess.py:990: FileNotFoundError

During handling of the above exception, another exception occurred:

request = <SubRequest 'app' for <Function 'test_add_project[None;ExWzhYPh8]'>>

    @pytest.fixture
    def app(request):
        global fixture
        if fixture is None:
>           fixture = Application()

conftest.py:10: 
_ _ _ _ _ _ _ _ _ _ _ _ _ _ _ _ _ _ _ _ _ _ _ _ _ _ _ _ _ _ _ _ _ _ _ _ _ _ _ _
fixture\application.py:9: in __init__
    self.wd = WebDriver()
..\..\shiningpanda\jobs\d66de12f\virtualenvs\d41d8cd9\lib\site-packages\selenium\webdriver\firefox\webdriver.py:142: in __init__
    self.service.start()
_ _ _ _ _ _ _ _ _ _ _ _ _ _ _ _ _ _ _ _ _ _ _ _ _ _ _ _ _ _ _ _ _ _ _ _ _ _ _ _

self = <selenium.webdriver.firefox.service.Service object at 0x03416E30>

    def start(self):
        """
            Starts the Service.
    
            :Exceptions:
             - WebDriverException : Raised either when it can't start the service
               or when it can't connect to the service
            """
        try:
            cmd = [self.path]
            cmd.extend(self.command_line_args())
            self.process = subprocess.Popen(cmd, env=self.env,
                                            close_fds=platform.system() != 'Windows',
                                            stdout=self.log_file, stderr=self.log_file)
        except TypeError:
            raise
        except OSError as err:
            if err.errno == errno.ENOENT:
                raise WebDriverException(
                    "'%s' executable needs to be in PATH. %s" % (
>                       os.path.basename(self.path), self.start_error_message)
E                       selenium.common.exceptions.WebDriverException: Message: 'geckodriver' executable needs to be in PATH.

..\..\shiningpanda\jobs\d66de12f\virtualenvs\d41d8cd9\lib\site-packages\selenium\webdriver\common\service.py:81: WebDriverException
____________ ERROR at teardown of test_add_project[None;ExWzhYPh8] ____________

    def fin():
>       fixture.session.ensure_logout()
E       AttributeError: 'NoneType' object has no attribute 'session'

conftest.py:20: AttributeError
=========================== 2 error in 0.30 seconds ===========================

C:\Users\Vicprog\.jenkins\workspace\mantis_test>exit 1 
Build step 'Virtualenv Builder' marked build as failure
Finished: FAILURE